0 info it worked if it ends with ok
1 verbose cli [ '/usr/bin/nodejs', '/usr/bin/npm', 'start', 'web.js' ]
2 info using npm@4.1.2
3 info using node@v4.4.7
4 verbose run-script [ 'prestart', 'start', 'poststart' ]
5 info lifecycle angular-seed@0.0.0~prestart: angular-seed@0.0.0
6 verbose lifecycle angular-seed@0.0.0~prestart: unsafe-perm in lifecycle true
7 verbose lifecycle angular-seed@0.0.0~prestart: PATH: /usr/lib/node_modules/npm/bin/node-gyp-bin:/home/agarbi/AngularJS-Calendar/node_modules/.bin:/home/agarbi/Android/Sdk:/root/Android/Sdk:/usr/local/bin:/usr/bin:/bin:/usr/local/games:/usr/games
8 verbose lifecycle angular-seed@0.0.0~prestart: CWD: /home/agarbi/AngularJS-Calendar
9 silly lifecycle angular-seed@0.0.0~prestart: Args: [ '-c', 'rm -rf node_modules && npm install' ]
10 silly lifecycle angular-seed@0.0.0~prestart: Returned: code: 0  signal: null
11 info lifecycle angular-seed@0.0.0~start: angular-seed@0.0.0
12 verbose lifecycle angular-seed@0.0.0~start: unsafe-perm in lifecycle true
13 verbose lifecycle angular-seed@0.0.0~start: PATH: /usr/lib/node_modules/npm/bin/node-gyp-bin:/home/agarbi/AngularJS-Calendar/node_modules/.bin:/home/agarbi/Android/Sdk:/root/Android/Sdk:/usr/local/bin:/usr/bin:/bin:/usr/local/games:/usr/games
14 verbose lifecycle angular-seed@0.0.0~start: CWD: /home/agarbi/AngularJS-Calendar
15 silly lifecycle angular-seed@0.0.0~start: Args: [ '-c', 'node web.js "web.js"' ]
16 silly lifecycle angular-seed@0.0.0~start: Returned: code: 1  signal: null
17 info lifecycle angular-seed@0.0.0~start: Failed to exec start script
18 verbose stack Error: angular-seed@0.0.0 start: `node web.js "web.js"`
18 verbose stack Exit status 1
18 verbose stack     at EventEmitter.<anonymous> (/usr/lib/node_modules/npm/lib/utils/lifecycle.js:279:16)
18 verbose stack     at emitTwo (events.js:87:13)
18 verbose stack     at EventEmitter.emit (events.js:172:7)
18 verbose stack     at ChildProcess.<anonymous> (/usr/lib/node_modules/npm/lib/utils/spawn.js:40:14)
18 verbose stack     at emitTwo (events.js:87:13)
18 verbose stack     at ChildProcess.emit (events.js:172:7)
18 verbose stack     at maybeClose (internal/child_process.js:827:16)
18 verbose stack     at Process.ChildProcess._handle.onexit (internal/child_process.js:211:5)
19 verbose pkgid angular-seed@0.0.0
20 verbose cwd /home/agarbi/AngularJS-Calendar
21 error Linux 3.16.0-4-amd64
22 error argv "/usr/bin/nodejs" "/usr/bin/npm" "start" "web.js"
23 error node v4.4.7
24 error npm  v4.1.2
25 error code ELIFECYCLE
26 error angular-seed@0.0.0 start: `node web.js "web.js"`
26 error Exit status 1
27 error Failed at the angular-seed@0.0.0 start script 'node web.js "web.js"'.
27 error Make sure you have the latest version of node.js and npm installed.
27 error If you do, this is most likely a problem with the angular-seed package,
27 error not with npm itself.
27 error Tell the author that this fails on your system:
27 error     node web.js "web.js"
27 error You can get information on how to open an issue for this project with:
27 error     npm bugs angular-seed
27 error Or if that isn't available, you can get their info via:
27 error     npm owner ls angular-seed
27 error There is likely additional logging output above.
28 verbose exit [ 1, true ]
